29-May-2020 14:55:28.520 INFOS [main] org.apache.catalina.core.ApplicationContext.log ContextListener: contextInitialized()
29-May-2020 14:55:28.520 INFOS [main] org.apache.catalina.core.ApplicationContext.log SessionListener: contextInitialized()
29-May-2020 14:55:28.521 INFOS [main] org.apache.catalina.core.ApplicationContext.log ContextListener: attributeAdded('StockTicker', 'async.Stockticker@27953a83')
29-May-2020 14:56:22.056 INFOS [Thread-2] org.apache.catalina.core.ApplicationContext.log SessionListener: contextDestroyed()
29-May-2020 14:56:22.056 INFOS [Thread-2] org.apache.catalina.core.ApplicationContext.log ContextListener: contextDestroyed()
29-May-2020 14:56:24.082 INFOS [main] org.apache.catalina.core.ApplicationContext.log ContextListener: contextInitialized()
29-May-2020 14:56:24.082 INFOS [main] org.apache.catalina.core.ApplicationContext.log SessionListener: contextInitialized()
29-May-2020 14:56:24.083 INFOS [main] org.apache.catalina.core.ApplicationContext.log ContextListener: attributeAdded('StockTicker', 'async.Stockticker@a8e6492')
29-May-2020 14:56:37.968 INFOS [Thread-2] org.apache.catalina.core.ApplicationContext.log SessionListener: contextDestroyed()
29-May-2020 14:56:37.969 INFOS [Thread-2] org.apache.catalina.core.ApplicationContext.log ContextListener: contextDestroyed()
29-May-2020 14:56:39.548 INFOS [main] org.apache.catalina.core.ApplicationContext.log ContextListener: contextInitialized()
29-May-2020 14:56:39.548 INFOS [main] org.apache.catalina.core.ApplicationContext.log SessionListener: contextInitialized()
29-May-2020 14:56:39.549 INFOS [main] org.apache.catalina.core.ApplicationContext.log ContextListener: attributeAdded('StockTicker', 'async.Stockticker@3b77a04f')
29-May-2020 14:56:41.941 INFOS [Thread-2] org.apache.catalina.core.ApplicationContext.log SessionListener: contextDestroyed()
29-May-2020 14:56:41.942 INFOS [Thread-2] org.apache.catalina.core.ApplicationContext.log ContextListener: contextDestroyed()
29-May-2020 14:56:50.944 INFOS [main] org.apache.catalina.core.ApplicationContext.log ContextListener: contextInitialized()
29-May-2020 14:56:50.944 INFOS [main] org.apache.catalina.core.ApplicationContext.log SessionListener: contextInitialized()
29-May-2020 14:56:50.945 INFOS [main] org.apache.catalina.core.ApplicationContext.log ContextListener: attributeAdded('StockTicker', 'async.Stockticker@19fb8826')
29-May-2020 14:56:53.765 INFOS [Thread-2] org.apache.catalina.core.ApplicationContext.log SessionListener: contextDestroyed()
29-May-2020 14:56:53.765 INFOS [Thread-2] org.apache.catalina.core.ApplicationContext.log ContextListener: contextDestroyed()
